<?xml version="1.0" encoding="UTF-8"?>
<testng-results skipped="0" failed="0" total="4" passed="4">
  <reporter-output>
  </reporter-output>
  <suite name="Default suite" duration-ms="7938" started-at="2014-12-24T10:14:46Z" finished-at="2014-12-24T10:14:54Z">
    <groups>
    </groups>
    <test name="Default test" duration-ms="7938" started-at="2014-12-24T10:14:46Z" finished-at="2014-12-24T10:14:54Z">
      <class name="com.example.tests.AddNewCreationTests">
        <test-method status="PASS" signature="setUp()[pri:0, instance:com.example.tests.AddNewCreationTests@47d384ee]" name="setUp" is-config="true" duration-ms="3773" started-at="2014-12-24T02:14:46Z" finished-at="2014-12-24T02:14:49Z">
          <reporter-output>
          </reporter-output>
        </test-method> <!-- setUp -->
        <test-method status="PASS" signature="testEmptyGroupCreation()[pri:0, instance:com.example.tests.AddNewCreationTests@47d384ee]" name="testEmptyGroupCreation" duration-ms="1186" started-at="2014-12-24T02:14:49Z" finished-at="2014-12-24T02:14:51Z">
          <reporter-output>
          </reporter-output>
        </test-method> <!-- testEmptyGroupCreation -->
        <test-method status="PASS" signature="testNonEmptyGroupCreation()[pri:0, instance:com.example.tests.AddNewCreationTests@47d384ee]" name="testNonEmptyGroupCreation" duration-ms="1008" started-at="2014-12-24T02:14:51Z" finished-at="2014-12-24T02:14:52Z">
          <reporter-output>
          </reporter-output>
        </test-method> <!-- testNonEmptyGroupCreation -->
        <test-method status="PASS" signature="tearDown()[pri:0, instance:com.example.tests.AddNewCreationTests@47d384ee]" name="tearDown" is-config="true" duration-ms="141" started-at="2014-12-24T02:14:53Z" finished-at="2014-12-24T02:14:54Z">
          <reporter-output>
          </reporter-output>
        </test-method> <!-- tearDown -->
      </class> <!-- com.example.tests.AddNewCreationTests -->
      <class name="com.example.tests.GroupCreationTests">
        <test-method status="PASS" signature="testEmptyGroupCreation()[pri:0, instance:com.example.tests.GroupCreationTests@f5f2bb7]" name="testEmptyGroupCreation" duration-ms="909" started-at="2014-12-24T02:14:52Z" finished-at="2014-12-24T02:14:53Z">
          <reporter-output>
          </reporter-output>
        </test-method> <!-- testEmptyGroupCreation -->
        <test-method status="PASS" signature="testNonEmptyGroupCreation()[pri:0, instance:com.example.tests.GroupCreationTests@f5f2bb7]" name="testNonEmptyGroupCreation" duration-ms="902" started-at="2014-12-24T02:14:53Z" finished-at="2014-12-24T02:14:53Z">
          <reporter-output>
          </reporter-output>
        </test-method> <!-- testNonEmptyGroupCreation -->
      </class> <!-- com.example.tests.GroupCreationTests -->
    </test> <!-- Default test -->
  </suite> <!-- Default suite -->
</testng-results>
