<?xml version="1.0" encoding="UTF-8"?>
<!-- Generated by org.testng.reporters.JUnitXMLReporter -->
<testsuite hostname="INIZAMIYEVA" name="Default test" tests="4" failures="0" timestamp="24 Dec 2014 10:14:54 GMT" time="7.938" errors="0">
  <testcase name="testEmptyGroupCreation" time="1.186" classname="com.example.tests.AddNewCreationTests"/>
  <testcase name="testNonEmptyGroupCreation" time="1.008" classname="com.example.tests.AddNewCreationTests"/>
  <testcase name="testEmptyGroupCreation" time="0.909" classname="com.example.tests.GroupCreationTests"/>
  <testcase name="testNonEmptyGroupCreation" time="0.902" classname="com.example.tests.GroupCreationTests"/>
</testsuite> <!-- Default test -->
