<?xml version="1.0" encoding="UTF-8"?>
<!-- Generated by org.testng.reporters.JUnitXMLReporter -->
<testsuite hostname="INIZAMIYEVA" name="Default test" tests="6" failures="0" timestamp="25 Dec 2014 10:29:08 GMT" time="10.78" errors="0">
  <testcase name="testEmptyGroupCreation" time="1.203" classname="com.example.tests.AddNewCreationTests"/>
  <testcase name="testNonEmptyGroupCreation" time="0.986" classname="com.example.tests.AddNewCreationTests"/>
  <testcase name="testEmptyGroupCreation" time="0.912" classname="com.example.tests.GroupCreationTests"/>
  <testcase name="testNonEmptyGroupCreation" time="0.939" classname="com.example.tests.GroupCreationTests"/>
  <testcase name="addNewContactWithData" time="1.518" classname="com.example.tests.AddNewContactTests"/>
  <testcase name="addNewContactWithoutData" time="1.189" classname="com.example.tests.AddNewContactTests"/>
</testsuite> <!-- Default test -->
